
✓ API Training Server running on http://localhost:4000
✓ Using SQLite database: ./database.db

Available endpoints:
  GET    /users
  GET    /users/:id
  POST   /users
  PUT    /users/:id
  DELETE /users/:id
  (Same pattern for /products and /orders)

✓ Connected to SQLite database
✓ Users table ready
✓ Products table ready
✓ Orders table ready

POST /users
Headers: {
  host: 'localhost:4000',
  'user-agent': 'curl/8.7.1',
  accept: '*/*',
  'content-type': 'application/json',
  'content-length': '55'
}
Body: { name: 'Debug Test', email: 'debug@test.com', age: 30 }

=== POST /users ===
Request body: { name: 'Debug Test', email: 'debug@test.com', age: 30 }
✓ User created: { id: 4, name: 'Debug Test', email: 'debug@test.com', age: 30 }

GET /
Headers: {
  host: 'localhost:4000',
  connection: 'keep-alive',
  'cache-control': 'max-age=0',
  'sec-ch-ua': '"Google Chrome";v="143", "Chromium";v="143", "Not A(Brand";v="24"',
  'sec-ch-ua-mobile': '?0',
  'sec-ch-ua-platform': '"macOS"',
  'upgrade-insecure-requests': '1',
  'user-agent': 'Mozilla/5.0 (Macintosh; Intel Mac OS X 10_15_7) AppleWebKit/537.36 (KHTML, like Gecko) Chrome/143.0.0.0 Safari/537.36',
  accept: 'text/html,application/xhtml+xml,application/xml;q=0.9,image/avif,image/webp,image/apng,*/*;q=0.8,application/signed-exchange;v=b3;q=0.7',
  'sec-fetch-site': 'none',
  'sec-fetch-mode': 'navigate',
  'sec-fetch-user': '?1',
  'sec-fetch-dest': 'document',
  'accept-encoding': 'gzip, deflate, br, zstd',
  'accept-language': 'en-US,en;q=0.9,es;q=0.8',
  cookie: 'token=eyJhbGciOiJIUzI1NiIsInR5cCI6IkpXVCJ9.eyJpZCI6IjQ5ZTkxMzMxLTBiZTktNDRhMy04MWFmLTQ5ZDlkYzAzYzc3NyIsImV4cCI6MTc3MTQ0MDU2NSwianRpIjoiMzBhOTY2YWYtMjI4Ni00MmMwLWIyZTEtMTg5NDI0YjJlMzkwIn0.y0oGqUBKErTe3AE3-YjsdutZ3H2Xk-GqZXVSNIZhADM',
  'if-none-match': 'W/"1c6a-19be2dda1ea"',
  'if-modified-since': 'Wed, 21 Jan 2026 23:22:14 GMT'
}
Body: {}

GET /styles.css
Headers: {
  host: 'localhost:4000',
  connection: 'keep-alive',
  'sec-ch-ua-platform': '"macOS"',
  'if-none-match': 'W/"1b97-19be2dda1eb"',
  'user-agent': 'Mozilla/5.0 (Macintosh; Intel Mac OS X 10_15_7) AppleWebKit/537.36 (KHTML, like Gecko) Chrome/143.0.0.0 Safari/537.36',
  'sec-ch-ua': '"Google Chrome";v="143", "Chromium";v="143", "Not A(Brand";v="24"',
  'if-modified-since': 'Wed, 21 Jan 2026 23:22:14 GMT',
  'sec-ch-ua-mobile': '?0',
  accept: 'text/css,*/*;q=0.1',
  'sec-fetch-site': 'same-origin',
  'sec-fetch-mode': 'no-cors',
  'sec-fetch-dest': 'style',
  referer: 'http://localhost:4000/',
  'accept-encoding': 'gzip, deflate, br, zstd',
  'accept-language': 'en-US,en;q=0.9,es;q=0.8',
  cookie: 'token=eyJhbGciOiJIUzI1NiIsInR5cCI6IkpXVCJ9.eyJpZCI6IjQ5ZTkxMzMxLTBiZTktNDRhMy04MWFmLTQ5ZDlkYzAzYzc3NyIsImV4cCI6MTc3MTQ0MDU2NSwianRpIjoiMzBhOTY2YWYtMjI4Ni00MmMwLWIyZTEtMTg5NDI0YjJlMzkwIn0.y0oGqUBKErTe3AE3-YjsdutZ3H2Xk-GqZXVSNIZhADM'
}
Body: {}

GET /app.js
Headers: {
  host: 'localhost:4000',
  connection: 'keep-alive',
  'sec-ch-ua-platform': '"macOS"',
  'if-none-match': 'W/"7189-19be34f16f1"',
  'user-agent': 'Mozilla/5.0 (Macintosh; Intel Mac OS X 10_15_7) AppleWebKit/537.36 (KHTML, like Gecko) Chrome/143.0.0.0 Safari/537.36',
  'sec-ch-ua': '"Google Chrome";v="143", "Chromium";v="143", "Not A(Brand";v="24"',
  'if-modified-since': 'Thu, 22 Jan 2026 01:26:09 GMT',
  'sec-ch-ua-mobile': '?0',
  accept: '*/*',
  'sec-fetch-site': 'same-origin',
  'sec-fetch-mode': 'no-cors',
  'sec-fetch-dest': 'script',
  referer: 'http://localhost:4000/',
  'accept-encoding': 'gzip, deflate, br, zstd',
  'accept-language': 'en-US,en;q=0.9,es;q=0.8',
  cookie: 'token=eyJhbGciOiJIUzI1NiIsInR5cCI6IkpXVCJ9.eyJpZCI6IjQ5ZTkxMzMxLTBiZTktNDRhMy04MWFmLTQ5ZDlkYzAzYzc3NyIsImV4cCI6MTc3MTQ0MDU2NSwianRpIjoiMzBhOTY2YWYtMjI4Ni00MmMwLWIyZTEtMTg5NDI0YjJlMzkwIn0.y0oGqUBKErTe3AE3-YjsdutZ3H2Xk-GqZXVSNIZhADM'
}
Body: {}

GET /orders
Headers: {
  host: 'localhost:4000',
  connection: 'keep-alive',
  'sec-ch-ua-platform': '"macOS"',
  'user-agent': 'Mozilla/5.0 (Macintosh; Intel Mac OS X 10_15_7) AppleWebKit/537.36 (KHTML, like Gecko) Chrome/143.0.0.0 Safari/537.36',
  'sec-ch-ua': '"Google Chrome";v="143", "Chromium";v="143", "Not A(Brand";v="24"',
  'sec-ch-ua-mobile': '?0',
  accept: '*/*',
  'sec-fetch-site': 'same-origin',
  'sec-fetch-mode': 'cors',
  'sec-fetch-dest': 'empty',
  referer: 'http://localhost:4000/',
  'accept-encoding': 'gzip, deflate, br, zstd',
  'accept-language': 'en-US,en;q=0.9,es;q=0.8',
  cookie: 'token=eyJhbGciOiJIUzI1NiIsInR5cCI6IkpXVCJ9.eyJpZCI6IjQ5ZTkxMzMxLTBiZTktNDRhMy04MWFmLTQ5ZDlkYzAzYzc3NyIsImV4cCI6MTc3MTQ0MDU2NSwianRpIjoiMzBhOTY2YWYtMjI4Ni00MmMwLWIyZTEtMTg5NDI0YjJlMzkwIn0.y0oGqUBKErTe3AE3-YjsdutZ3H2Xk-GqZXVSNIZhADM',
  'if-none-match': 'W/"c9-OGWsEjj5oigtdUp6rwa2GsBmoF8"'
}
Body: {}

GET /products
Headers: {
  host: 'localhost:4000',
  connection: 'keep-alive',
  'sec-ch-ua-platform': '"macOS"',
  'user-agent': 'Mozilla/5.0 (Macintosh; Intel Mac OS X 10_15_7) AppleWebKit/537.36 (KHTML, like Gecko) Chrome/143.0.0.0 Safari/537.36',
  'sec-ch-ua': '"Google Chrome";v="143", "Chromium";v="143", "Not A(Brand";v="24"',
  'sec-ch-ua-mobile': '?0',
  accept: '*/*',
  'sec-fetch-site': 'same-origin',
  'sec-fetch-mode': 'cors',
  'sec-fetch-dest': 'empty',
  referer: 'http://localhost:4000/',
  'accept-encoding': 'gzip, deflate, br, zstd',
  'accept-language': 'en-US,en;q=0.9,es;q=0.8',
  cookie: 'token=eyJhbGciOiJIUzI1NiIsInR5cCI6IkpXVCJ9.eyJpZCI6IjQ5ZTkxMzMxLTBiZTktNDRhMy04MWFmLTQ5ZDlkYzAzYzc3NyIsImV4cCI6MTc3MTQ0MDU2NSwianRpIjoiMzBhOTY2YWYtMjI4Ni00MmMwLWIyZTEtMTg5NDI0YjJlMzkwIn0.y0oGqUBKErTe3AE3-YjsdutZ3H2Xk-GqZXVSNIZhADM',
  'if-none-match': 'W/"ca-ZJDwGGb0UKOgvrO1tuU57R7g++k"'
}
Body: {}

GET /users
Headers: {
  host: 'localhost:4000',
  connection: 'keep-alive',
  'sec-ch-ua-platform': '"macOS"',
  'user-agent': 'Mozilla/5.0 (Macintosh; Intel Mac OS X 10_15_7) AppleWebKit/537.36 (KHTML, like Gecko) Chrome/143.0.0.0 Safari/537.36',
  'sec-ch-ua': '"Google Chrome";v="143", "Chromium";v="143", "Not A(Brand";v="24"',
  'sec-ch-ua-mobile': '?0',
  accept: '*/*',
  'sec-fetch-site': 'same-origin',
  'sec-fetch-mode': 'cors',
  'sec-fetch-dest': 'empty',
  referer: 'http://localhost:4000/',
  'accept-encoding': 'gzip, deflate, br, zstd',
  'accept-language': 'en-US,en;q=0.9,es;q=0.8',
  cookie: 'token=eyJhbGciOiJIUzI1NiIsInR5cCI6IkpXVCJ9.eyJpZCI6IjQ5ZTkxMzMxLTBiZTktNDRhMy04MWFmLTQ5ZDlkYzAzYzc3NyIsImV4cCI6MTc3MTQ0MDU2NSwianRpIjoiMzBhOTY2YWYtMjI4Ni00MmMwLWIyZTEtMTg5NDI0YjJlMzkwIn0.y0oGqUBKErTe3AE3-YjsdutZ3H2Xk-GqZXVSNIZhADM',
  'if-none-match': 'W/"cc-IUWl+f8KFjzhBO3rCdxwYEfd/i0"'
}
Body: {}

POST /users
Headers: {
  host: 'localhost:4000',
  connection: 'keep-alive',
  'content-length': '0',
  'sec-ch-ua-platform': '"macOS"',
  'user-agent': 'Mozilla/5.0 (Macintosh; Intel Mac OS X 10_15_7) AppleWebKit/537.36 (KHTML, like Gecko) Chrome/143.0.0.0 Safari/537.36',
  'sec-ch-ua': '"Google Chrome";v="143", "Chromium";v="143", "Not A(Brand";v="24"',
  'content-type': 'application/json',
  'sec-ch-ua-mobile': '?0',
  accept: '*/*',
  origin: 'http://localhost:4000',
  'sec-fetch-site': 'same-origin',
  'sec-fetch-mode': 'cors',
  'sec-fetch-dest': 'empty',
  referer: 'http://localhost:4000/',
  'accept-encoding': 'gzip, deflate, br, zstd',
  'accept-language': 'en-US,en;q=0.9,es;q=0.8',
  cookie: 'token=eyJhbGciOiJIUzI1NiIsInR5cCI6IkpXVCJ9.eyJpZCI6IjQ5ZTkxMzMxLTBiZTktNDRhMy04MWFmLTQ5ZDlkYzAzYzc3NyIsImV4cCI6MTc3MTQ0MDU2NSwianRpIjoiMzBhOTY2YWYtMjI4Ni00MmMwLWIyZTEtMTg5NDI0YjJlMzkwIn0.y0oGqUBKErTe3AE3-YjsdutZ3H2Xk-GqZXVSNIZhADM'
}
Body: {}

=== POST /users ===
Request body: {}
Validation failed: Missing fields

GET /users
Headers: {
  host: 'localhost:4000',
  connection: 'keep-alive',
  'sec-ch-ua-platform': '"macOS"',
  'user-agent': 'Mozilla/5.0 (Macintosh; Intel Mac OS X 10_15_7) AppleWebKit/537.36 (KHTML, like Gecko) Chrome/143.0.0.0 Safari/537.36',
  'sec-ch-ua': '"Google Chrome";v="143", "Chromium";v="143", "Not A(Brand";v="24"',
  'sec-ch-ua-mobile': '?0',
  accept: '*/*',
  'sec-fetch-site': 'same-origin',
  'sec-fetch-mode': 'cors',
  'sec-fetch-dest': 'empty',
  referer: 'http://localhost:4000/',
  'accept-encoding': 'gzip, deflate, br, zstd',
  'accept-language': 'en-US,en;q=0.9,es;q=0.8',
  cookie: 'token=eyJhbGciOiJIUzI1NiIsInR5cCI6IkpXVCJ9.eyJpZCI6IjQ5ZTkxMzMxLTBiZTktNDRhMy04MWFmLTQ5ZDlkYzAzYzc3NyIsImV4cCI6MTc3MTQ0MDU2NSwianRpIjoiMzBhOTY2YWYtMjI4Ni00MmMwLWIyZTEtMTg5NDI0YjJlMzkwIn0.y0oGqUBKErTe3AE3-YjsdutZ3H2Xk-GqZXVSNIZhADM',
  'if-none-match': 'W/"10b-uE6zjqEv0+ic/GRtC6As2f7yKsE"'
}
Body: {}

GET /products
Headers: {
  host: 'localhost:4000',
  connection: 'keep-alive',
  'sec-ch-ua-platform': '"macOS"',
  'user-agent': 'Mozilla/5.0 (Macintosh; Intel Mac OS X 10_15_7) AppleWebKit/537.36 (KHTML, like Gecko) Chrome/143.0.0.0 Safari/537.36',
  'sec-ch-ua': '"Google Chrome";v="143", "Chromium";v="143", "Not A(Brand";v="24"',
  'sec-ch-ua-mobile': '?0',
  accept: '*/*',
  'sec-fetch-site': 'same-origin',
  'sec-fetch-mode': 'cors',
  'sec-fetch-dest': 'empty',
  referer: 'http://localhost:4000/',
  'accept-encoding': 'gzip, deflate, br, zstd',
  'accept-language': 'en-US,en;q=0.9,es;q=0.8',
  cookie: 'token=eyJhbGciOiJIUzI1NiIsInR5cCI6IkpXVCJ9.eyJpZCI6IjQ5ZTkxMzMxLTBiZTktNDRhMy04MWFmLTQ5ZDlkYzAzYzc3NyIsImV4cCI6MTc3MTQ0MDU2NSwianRpIjoiMzBhOTY2YWYtMjI4Ni00MmMwLWIyZTEtMTg5NDI0YjJlMzkwIn0.y0oGqUBKErTe3AE3-YjsdutZ3H2Xk-GqZXVSNIZhADM',
  'if-none-match': 'W/"ca-ZJDwGGb0UKOgvrO1tuU57R7g++k"'
}
Body: {}

GET /orders
Headers: {
  host: 'localhost:4000',
  connection: 'keep-alive',
  'sec-ch-ua-platform': '"macOS"',
  'user-agent': 'Mozilla/5.0 (Macintosh; Intel Mac OS X 10_15_7) AppleWebKit/537.36 (KHTML, like Gecko) Chrome/143.0.0.0 Safari/537.36',
  'sec-ch-ua': '"Google Chrome";v="143", "Chromium";v="143", "Not A(Brand";v="24"',
  'sec-ch-ua-mobile': '?0',
  accept: '*/*',
  'sec-fetch-site': 'same-origin',
  'sec-fetch-mode': 'cors',
  'sec-fetch-dest': 'empty',
  referer: 'http://localhost:4000/',
  'accept-encoding': 'gzip, deflate, br, zstd',
  'accept-language': 'en-US,en;q=0.9,es;q=0.8',
  cookie: 'token=eyJhbGciOiJIUzI1NiIsInR5cCI6IkpXVCJ9.eyJpZCI6IjQ5ZTkxMzMxLTBiZTktNDRhMy04MWFmLTQ5ZDlkYzAzYzc3NyIsImV4cCI6MTc3MTQ0MDU2NSwianRpIjoiMzBhOTY2YWYtMjI4Ni00MmMwLWIyZTEtMTg5NDI0YjJlMzkwIn0.y0oGqUBKErTe3AE3-YjsdutZ3H2Xk-GqZXVSNIZhADM',
  'if-none-match': 'W/"c9-OGWsEjj5oigtdUp6rwa2GsBmoF8"'
}
Body: {}

GET /
Headers: {
  host: 'localhost:4000',
  connection: 'keep-alive',
  'cache-control': 'max-age=0',
  'sec-ch-ua': '"Google Chrome";v="143", "Chromium";v="143", "Not A(Brand";v="24"',
  'sec-ch-ua-mobile': '?0',
  'sec-ch-ua-platform': '"macOS"',
  'upgrade-insecure-requests': '1',
  'user-agent': 'Mozilla/5.0 (Macintosh; Intel Mac OS X 10_15_7) AppleWebKit/537.36 (KHTML, like Gecko) Chrome/143.0.0.0 Safari/537.36',
  accept: 'text/html,application/xhtml+xml,application/xml;q=0.9,image/avif,image/webp,image/apng,*/*;q=0.8,application/signed-exchange;v=b3;q=0.7',
  'sec-fetch-site': 'none',
  'sec-fetch-mode': 'navigate',
  'sec-fetch-user': '?1',
  'sec-fetch-dest': 'document',
  'accept-encoding': 'gzip, deflate, br, zstd',
  'accept-language': 'en-US,en;q=0.9,es;q=0.8',
  cookie: 'token=eyJhbGciOiJIUzI1NiIsInR5cCI6IkpXVCJ9.eyJpZCI6IjQ5ZTkxMzMxLTBiZTktNDRhMy04MWFmLTQ5ZDlkYzAzYzc3NyIsImV4cCI6MTc3MTQ0MDU2NSwianRpIjoiMzBhOTY2YWYtMjI4Ni00MmMwLWIyZTEtMTg5NDI0YjJlMzkwIn0.y0oGqUBKErTe3AE3-YjsdutZ3H2Xk-GqZXVSNIZhADM',
  'if-none-match': 'W/"1c6a-19be2dda1ea"',
  'if-modified-since': 'Wed, 21 Jan 2026 23:22:14 GMT'
}
Body: {}

GET /styles.css
Headers: {
  host: 'localhost:4000',
  connection: 'keep-alive',
  'sec-ch-ua-platform': '"macOS"',
  'if-none-match': 'W/"1b97-19be2dda1eb"',
  'user-agent': 'Mozilla/5.0 (Macintosh; Intel Mac OS X 10_15_7) AppleWebKit/537.36 (KHTML, like Gecko) Chrome/143.0.0.0 Safari/537.36',
  'sec-ch-ua': '"Google Chrome";v="143", "Chromium";v="143", "Not A(Brand";v="24"',
  'if-modified-since': 'Wed, 21 Jan 2026 23:22:14 GMT',
  'sec-ch-ua-mobile': '?0',
  accept: 'text/css,*/*;q=0.1',
  'sec-fetch-site': 'same-origin',
  'sec-fetch-mode': 'no-cors',
  'sec-fetch-dest': 'style',
  referer: 'http://localhost:4000/',
  'accept-encoding': 'gzip, deflate, br, zstd',
  'accept-language': 'en-US,en;q=0.9,es;q=0.8',
  cookie: 'token=eyJhbGciOiJIUzI1NiIsInR5cCI6IkpXVCJ9.eyJpZCI6IjQ5ZTkxMzMxLTBiZTktNDRhMy04MWFmLTQ5ZDlkYzAzYzc3NyIsImV4cCI6MTc3MTQ0MDU2NSwianRpIjoiMzBhOTY2YWYtMjI4Ni00MmMwLWIyZTEtMTg5NDI0YjJlMzkwIn0.y0oGqUBKErTe3AE3-YjsdutZ3H2Xk-GqZXVSNIZhADM'
}
Body: {}

GET /app.js
Headers: {
  host: 'localhost:4000',
  connection: 'keep-alive',
  'sec-ch-ua-platform': '"macOS"',
  'if-none-match': 'W/"7189-19be34f16f1"',
  'user-agent': 'Mozilla/5.0 (Macintosh; Intel Mac OS X 10_15_7) AppleWebKit/537.36 (KHTML, like Gecko) Chrome/143.0.0.0 Safari/537.36',
  'sec-ch-ua': '"Google Chrome";v="143", "Chromium";v="143", "Not A(Brand";v="24"',
  'if-modified-since': 'Thu, 22 Jan 2026 01:26:09 GMT',
  'sec-ch-ua-mobile': '?0',
  accept: '*/*',
  'sec-fetch-site': 'same-origin',
  'sec-fetch-mode': 'no-cors',
  'sec-fetch-dest': 'script',
  referer: 'http://localhost:4000/',
  'accept-encoding': 'gzip, deflate, br, zstd',
  'accept-language': 'en-US,en;q=0.9,es;q=0.8',
  cookie: 'token=eyJhbGciOiJIUzI1NiIsInR5cCI6IkpXVCJ9.eyJpZCI6IjQ5ZTkxMzMxLTBiZTktNDRhMy04MWFmLTQ5ZDlkYzAzYzc3NyIsImV4cCI6MTc3MTQ0MDU2NSwianRpIjoiMzBhOTY2YWYtMjI4Ni00MmMwLWIyZTEtMTg5NDI0YjJlMzkwIn0.y0oGqUBKErTe3AE3-YjsdutZ3H2Xk-GqZXVSNIZhADM'
}
Body: {}

GET /users
Headers: {
  host: 'localhost:4000',
  connection: 'keep-alive',
  'sec-ch-ua-platform': '"macOS"',
  'user-agent': 'Mozilla/5.0 (Macintosh; Intel Mac OS X 10_15_7) AppleWebKit/537.36 (KHTML, like Gecko) Chrome/143.0.0.0 Safari/537.36',
  'sec-ch-ua': '"Google Chrome";v="143", "Chromium";v="143", "Not A(Brand";v="24"',
  'sec-ch-ua-mobile': '?0',
  accept: '*/*',
  'sec-fetch-site': 'same-origin',
  'sec-fetch-mode': 'cors',
  'sec-fetch-dest': 'empty',
  referer: 'http://localhost:4000/',
  'accept-encoding': 'gzip, deflate, br, zstd',
  'accept-language': 'en-US,en;q=0.9,es;q=0.8',
  cookie: 'token=eyJhbGciOiJIUzI1NiIsInR5cCI6IkpXVCJ9.eyJpZCI6IjQ5ZTkxMzMxLTBiZTktNDRhMy04MWFmLTQ5ZDlkYzAzYzc3NyIsImV4cCI6MTc3MTQ0MDU2NSwianRpIjoiMzBhOTY2YWYtMjI4Ni00MmMwLWIyZTEtMTg5NDI0YjJlMzkwIn0.y0oGqUBKErTe3AE3-YjsdutZ3H2Xk-GqZXVSNIZhADM',
  'if-none-match': 'W/"10b-uE6zjqEv0+ic/GRtC6As2f7yKsE"'
}
Body: {}

GET /products
Headers: {
  host: 'localhost:4000',
  connection: 'keep-alive',
  'sec-ch-ua-platform': '"macOS"',
  'user-agent': 'Mozilla/5.0 (Macintosh; Intel Mac OS X 10_15_7) AppleWebKit/537.36 (KHTML, like Gecko) Chrome/143.0.0.0 Safari/537.36',
  'sec-ch-ua': '"Google Chrome";v="143", "Chromium";v="143", "Not A(Brand";v="24"',
  'sec-ch-ua-mobile': '?0',
  accept: '*/*',
  'sec-fetch-site': 'same-origin',
  'sec-fetch-mode': 'cors',
  'sec-fetch-dest': 'empty',
  referer: 'http://localhost:4000/',
  'accept-encoding': 'gzip, deflate, br, zstd',
  'accept-language': 'en-US,en;q=0.9,es;q=0.8',
  cookie: 'token=eyJhbGciOiJIUzI1NiIsInR5cCI6IkpXVCJ9.eyJpZCI6IjQ5ZTkxMzMxLTBiZTktNDRhMy04MWFmLTQ5ZDlkYzAzYzc3NyIsImV4cCI6MTc3MTQ0MDU2NSwianRpIjoiMzBhOTY2YWYtMjI4Ni00MmMwLWIyZTEtMTg5NDI0YjJlMzkwIn0.y0oGqUBKErTe3AE3-YjsdutZ3H2Xk-GqZXVSNIZhADM',
  'if-none-match': 'W/"ca-ZJDwGGb0UKOgvrO1tuU57R7g++k"'
}
Body: {}

GET /orders
Headers: {
  host: 'localhost:4000',
  connection: 'keep-alive',
  'sec-ch-ua-platform': '"macOS"',
  'user-agent': 'Mozilla/5.0 (Macintosh; Intel Mac OS X 10_15_7) AppleWebKit/537.36 (KHTML, like Gecko) Chrome/143.0.0.0 Safari/537.36',
  'sec-ch-ua': '"Google Chrome";v="143", "Chromium";v="143", "Not A(Brand";v="24"',
  'sec-ch-ua-mobile': '?0',
  accept: '*/*',
  'sec-fetch-site': 'same-origin',
  'sec-fetch-mode': 'cors',
  'sec-fetch-dest': 'empty',
  referer: 'http://localhost:4000/',
  'accept-encoding': 'gzip, deflate, br, zstd',
  'accept-language': 'en-US,en;q=0.9,es;q=0.8',
  cookie: 'token=eyJhbGciOiJIUzI1NiIsInR5cCI6IkpXVCJ9.eyJpZCI6IjQ5ZTkxMzMxLTBiZTktNDRhMy04MWFmLTQ5ZDlkYzAzYzc3NyIsImV4cCI6MTc3MTQ0MDU2NSwianRpIjoiMzBhOTY2YWYtMjI4Ni00MmMwLWIyZTEtMTg5NDI0YjJlMzkwIn0.y0oGqUBKErTe3AE3-YjsdutZ3H2Xk-GqZXVSNIZhADM',
  'if-none-match': 'W/"c9-OGWsEjj5oigtdUp6rwa2GsBmoF8"'
}
Body: {}

POST /users
Headers: {
  host: 'localhost:4000',
  connection: 'keep-alive',
  'content-length': '0',
  'sec-ch-ua-platform': '"macOS"',
  'user-agent': 'Mozilla/5.0 (Macintosh; Intel Mac OS X 10_15_7) AppleWebKit/537.36 (KHTML, like Gecko) Chrome/143.0.0.0 Safari/537.36',
  'sec-ch-ua': '"Google Chrome";v="143", "Chromium";v="143", "Not A(Brand";v="24"',
  'content-type': 'application/json',
  'sec-ch-ua-mobile': '?0',
  accept: '*/*',
  origin: 'http://localhost:4000',
  'sec-fetch-site': 'same-origin',
  'sec-fetch-mode': 'cors',
  'sec-fetch-dest': 'empty',
  referer: 'http://localhost:4000/',
  'accept-encoding': 'gzip, deflate, br, zstd',
  'accept-language': 'en-US,en;q=0.9,es;q=0.8',
  cookie: 'token=eyJhbGciOiJIUzI1NiIsInR5cCI6IkpXVCJ9.eyJpZCI6IjQ5ZTkxMzMxLTBiZTktNDRhMy04MWFmLTQ5ZDlkYzAzYzc3NyIsImV4cCI6MTc3MTQ0MDU2NSwianRpIjoiMzBhOTY2YWYtMjI4Ni00MmMwLWIyZTEtMTg5NDI0YjJlMzkwIn0.y0oGqUBKErTe3AE3-YjsdutZ3H2Xk-GqZXVSNIZhADM'
}
Body: {}

=== POST /users ===
Request body: {}
Validation failed: Missing fields

GET /.well-known/appspecific/com.chrome.devtools.json
Headers: {
  host: 'localhost:4000',
  connection: 'keep-alive',
  'sec-fetch-site': 'same-origin',
  'sec-fetch-mode': 'no-cors',
  'sec-fetch-dest': 'empty',
  'user-agent': 'Mozilla/5.0 (Macintosh; Intel Mac OS X 10_15_7) AppleWebKit/537.36 (KHTML, like Gecko) Chrome/143.0.0.0 Safari/537.36',
  'accept-encoding': 'gzip, deflate, br, zstd',
  'accept-language': 'en-US,en;q=0.9,es;q=0.8',
  cookie: 'token=eyJhbGciOiJIUzI1NiIsInR5cCI6IkpXVCJ9.eyJpZCI6IjQ5ZTkxMzMxLTBiZTktNDRhMy04MWFmLTQ5ZDlkYzAzYzc3NyIsImV4cCI6MTc3MTQ0MDU2NSwianRpIjoiMzBhOTY2YWYtMjI4Ni00MmMwLWIyZTEtMTg5NDI0YjJlMzkwIn0.y0oGqUBKErTe3AE3-YjsdutZ3H2Xk-GqZXVSNIZhADM'
}
Body: {}

GET /styles.css
Headers: {
  host: 'localhost:4000',
  connection: 'keep-alive',
  'sec-ch-ua-platform': '"macOS"',
  'if-none-match': 'W/"1b97-19be2dda1eb"',
  'user-agent': 'Mozilla/5.0 (Macintosh; Intel Mac OS X 10_15_7) AppleWebKit/537.36 (KHTML, like Gecko) Chrome/143.0.0.0 Safari/537.36',
  'sec-ch-ua': '"Google Chrome";v="143", "Chromium";v="143", "Not A(Brand";v="24"',
  'if-modified-since': 'Wed, 21 Jan 2026 23:22:14 GMT',
  'sec-ch-ua-mobile': '?0',
  accept: 'text/css,*/*;q=0.1',
  'sec-fetch-site': 'same-origin',
  'sec-fetch-mode': 'no-cors',
  'sec-fetch-dest': 'style',
  referer: 'http://localhost:4000/',
  'accept-encoding': 'gzip, deflate, br, zstd',
  'accept-language': 'en-US,en;q=0.9,es;q=0.8',
  cookie: 'token=eyJhbGciOiJIUzI1NiIsInR5cCI6IkpXVCJ9.eyJpZCI6IjQ5ZTkxMzMxLTBiZTktNDRhMy04MWFmLTQ5ZDlkYzAzYzc3NyIsImV4cCI6MTc3MTQ0MDU2NSwianRpIjoiMzBhOTY2YWYtMjI4Ni00MmMwLWIyZTEtMTg5NDI0YjJlMzkwIn0.y0oGqUBKErTe3AE3-YjsdutZ3H2Xk-GqZXVSNIZhADM'
}
Body: {}

POST /users
Headers: {
  host: 'localhost:4000',
  connection: 'keep-alive',
  'content-length': '0',
  'sec-ch-ua-platform': '"macOS"',
  'user-agent': 'Mozilla/5.0 (Macintosh; Intel Mac OS X 10_15_7) AppleWebKit/537.36 (KHTML, like Gecko) Chrome/143.0.0.0 Safari/537.36',
  'sec-ch-ua': '"Google Chrome";v="143", "Chromium";v="143", "Not A(Brand";v="24"',
  'content-type': 'application/json',
  'sec-ch-ua-mobile': '?0',
  accept: '*/*',
  origin: 'http://localhost:4000',
  'sec-fetch-site': 'same-origin',
  'sec-fetch-mode': 'cors',
  'sec-fetch-dest': 'empty',
  referer: 'http://localhost:4000/',
  'accept-encoding': 'gzip, deflate, br, zstd',
  'accept-language': 'en-US,en;q=0.9,es;q=0.8',
  cookie: 'token=eyJhbGciOiJIUzI1NiIsInR5cCI6IkpXVCJ9.eyJpZCI6IjQ5ZTkxMzMxLTBiZTktNDRhMy04MWFmLTQ5ZDlkYzAzYzc3NyIsImV4cCI6MTc3MTQ0MDU2NSwianRpIjoiMzBhOTY2YWYtMjI4Ni00MmMwLWIyZTEtMTg5NDI0YjJlMzkwIn0.y0oGqUBKErTe3AE3-YjsdutZ3H2Xk-GqZXVSNIZhADM'
}
Body: {}

=== POST /users ===
Request body: {}
Validation failed: Missing fields

POST /users
Headers: {
  host: 'localhost:4000',
  connection: 'keep-alive',
  'content-length': '0',
  'sec-ch-ua-platform': '"macOS"',
  'user-agent': 'Mozilla/5.0 (Macintosh; Intel Mac OS X 10_15_7) AppleWebKit/537.36 (KHTML, like Gecko) Chrome/143.0.0.0 Safari/537.36',
  'sec-ch-ua': '"Google Chrome";v="143", "Chromium";v="143", "Not A(Brand";v="24"',
  'content-type': 'application/json',
  'sec-ch-ua-mobile': '?0',
  accept: '*/*',
  origin: 'http://localhost:4000',
  'sec-fetch-site': 'same-origin',
  'sec-fetch-mode': 'cors',
  'sec-fetch-dest': 'empty',
  referer: 'http://localhost:4000/',
  'accept-encoding': 'gzip, deflate, br, zstd',
  'accept-language': 'en-US,en;q=0.9,es;q=0.8',
  cookie: 'token=eyJhbGciOiJIUzI1NiIsInR5cCI6IkpXVCJ9.eyJpZCI6IjQ5ZTkxMzMxLTBiZTktNDRhMy04MWFmLTQ5ZDlkYzAzYzc3NyIsImV4cCI6MTc3MTQ0MDU2NSwianRpIjoiMzBhOTY2YWYtMjI4Ni00MmMwLWIyZTEtMTg5NDI0YjJlMzkwIn0.y0oGqUBKErTe3AE3-YjsdutZ3H2Xk-GqZXVSNIZhADM'
}
Body: {}

=== POST /users ===
Request body: {}
Validation failed: Missing fields

GET /
Headers: {
  host: 'localhost:4000',
  connection: 'keep-alive',
  pragma: 'no-cache',
  'cache-control': 'no-cache',
  'sec-ch-ua': '"Google Chrome";v="143", "Chromium";v="143", "Not A(Brand";v="24"',
  'sec-ch-ua-mobile': '?0',
  'sec-ch-ua-platform': '"macOS"',
  'upgrade-insecure-requests': '1',
  'user-agent': 'Mozilla/5.0 (Macintosh; Intel Mac OS X 10_15_7) AppleWebKit/537.36 (KHTML, like Gecko) Chrome/143.0.0.0 Safari/537.36',
  accept: 'text/html,application/xhtml+xml,application/xml;q=0.9,image/avif,image/webp,image/apng,*/*;q=0.8,application/signed-exchange;v=b3;q=0.7',
  'sec-fetch-site': 'none',
  'sec-fetch-mode': 'navigate',
  'sec-fetch-user': '?1',
  'sec-fetch-dest': 'document',
  'accept-encoding': 'gzip, deflate, br, zstd',
  'accept-language': 'en-US,en;q=0.9,es;q=0.8',
  cookie: 'token=eyJhbGciOiJIUzI1NiIsInR5cCI6IkpXVCJ9.eyJpZCI6IjQ5ZTkxMzMxLTBiZTktNDRhMy04MWFmLTQ5ZDlkYzAzYzc3NyIsImV4cCI6MTc3MTQ0MDU2NSwianRpIjoiMzBhOTY2YWYtMjI4Ni00MmMwLWIyZTEtMTg5NDI0YjJlMzkwIn0.y0oGqUBKErTe3AE3-YjsdutZ3H2Xk-GqZXVSNIZhADM'
}
Body: {}

GET /styles.css
Headers: {
  host: 'localhost:4000',
  connection: 'keep-alive',
  pragma: 'no-cache',
  'cache-control': 'no-cache',
  'sec-ch-ua-platform': '"macOS"',
  'user-agent': 'Mozilla/5.0 (Macintosh; Intel Mac OS X 10_15_7) AppleWebKit/537.36 (KHTML, like Gecko) Chrome/143.0.0.0 Safari/537.36',
  'sec-ch-ua': '"Google Chrome";v="143", "Chromium";v="143", "Not A(Brand";v="24"',
  'sec-ch-ua-mobile': '?0',
  accept: 'text/css,*/*;q=0.1',
  'sec-fetch-site': 'same-origin',
  'sec-fetch-mode': 'no-cors',
  'sec-fetch-dest': 'style',
  referer: 'http://localhost:4000/',
  'accept-encoding': 'gzip, deflate, br, zstd',
  'accept-language': 'en-US,en;q=0.9,es;q=0.8',
  cookie: 'token=eyJhbGciOiJIUzI1NiIsInR5cCI6IkpXVCJ9.eyJpZCI6IjQ5ZTkxMzMxLTBiZTktNDRhMy04MWFmLTQ5ZDlkYzAzYzc3NyIsImV4cCI6MTc3MTQ0MDU2NSwianRpIjoiMzBhOTY2YWYtMjI4Ni00MmMwLWIyZTEtMTg5NDI0YjJlMzkwIn0.y0oGqUBKErTe3AE3-YjsdutZ3H2Xk-GqZXVSNIZhADM'
}
Body: {}

GET /app.js
Headers: {
  host: 'localhost:4000',
  connection: 'keep-alive',
  pragma: 'no-cache',
  'cache-control': 'no-cache',
  'sec-ch-ua-platform': '"macOS"',
  'user-agent': 'Mozilla/5.0 (Macintosh; Intel Mac OS X 10_15_7) AppleWebKit/537.36 (KHTML, like Gecko) Chrome/143.0.0.0 Safari/537.36',
  'sec-ch-ua': '"Google Chrome";v="143", "Chromium";v="143", "Not A(Brand";v="24"',
  'sec-ch-ua-mobile': '?0',
  accept: '*/*',
  'sec-fetch-site': 'same-origin',
  'sec-fetch-mode': 'no-cors',
  'sec-fetch-dest': 'script',
  referer: 'http://localhost:4000/',
  'accept-encoding': 'gzip, deflate, br, zstd',
  'accept-language': 'en-US,en;q=0.9,es;q=0.8',
  cookie: 'token=eyJhbGciOiJIUzI1NiIsInR5cCI6IkpXVCJ9.eyJpZCI6IjQ5ZTkxMzMxLTBiZTktNDRhMy04MWFmLTQ5ZDlkYzAzYzc3NyIsImV4cCI6MTc3MTQ0MDU2NSwianRpIjoiMzBhOTY2YWYtMjI4Ni00MmMwLWIyZTEtMTg5NDI0YjJlMzkwIn0.y0oGqUBKErTe3AE3-YjsdutZ3H2Xk-GqZXVSNIZhADM'
}
Body: {}

GET /orders
Headers: {
  host: 'localhost:4000',
  connection: 'keep-alive',
  pragma: 'no-cache',
  'cache-control': 'no-cache',
  'sec-ch-ua-platform': '"macOS"',
  'user-agent': 'Mozilla/5.0 (Macintosh; Intel Mac OS X 10_15_7) AppleWebKit/537.36 (KHTML, like Gecko) Chrome/143.0.0.0 Safari/537.36',
  'sec-ch-ua': '"Google Chrome";v="143", "Chromium";v="143", "Not A(Brand";v="24"',
  'sec-ch-ua-mobile': '?0',
  accept: '*/*',
  'sec-fetch-site': 'same-origin',
  'sec-fetch-mode': 'cors',
  'sec-fetch-dest': 'empty',
  referer: 'http://localhost:4000/',
  'accept-encoding': 'gzip, deflate, br, zstd',
  'accept-language': 'en-US,en;q=0.9,es;q=0.8',
  cookie: 'token=eyJhbGciOiJIUzI1NiIsInR5cCI6IkpXVCJ9.eyJpZCI6IjQ5ZTkxMzMxLTBiZTktNDRhMy04MWFmLTQ5ZDlkYzAzYzc3NyIsImV4cCI6MTc3MTQ0MDU2NSwianRpIjoiMzBhOTY2YWYtMjI4Ni00MmMwLWIyZTEtMTg5NDI0YjJlMzkwIn0.y0oGqUBKErTe3AE3-YjsdutZ3H2Xk-GqZXVSNIZhADM'
}
Body: {}

GET /users
Headers: {
  host: 'localhost:4000',
  connection: 'keep-alive',
  pragma: 'no-cache',
  'cache-control': 'no-cache',
  'sec-ch-ua-platform': '"macOS"',
  'user-agent': 'Mozilla/5.0 (Macintosh; Intel Mac OS X 10_15_7) AppleWebKit/537.36 (KHTML, like Gecko) Chrome/143.0.0.0 Safari/537.36',
  'sec-ch-ua': '"Google Chrome";v="143", "Chromium";v="143", "Not A(Brand";v="24"',
  'sec-ch-ua-mobile': '?0',
  accept: '*/*',
  'sec-fetch-site': 'same-origin',
  'sec-fetch-mode': 'cors',
  'sec-fetch-dest': 'empty',
  referer: 'http://localhost:4000/',
  'accept-encoding': 'gzip, deflate, br, zstd',
  'accept-language': 'en-US,en;q=0.9,es;q=0.8',
  cookie: 'token=eyJhbGciOiJIUzI1NiIsInR5cCI6IkpXVCJ9.eyJpZCI6IjQ5ZTkxMzMxLTBiZTktNDRhMy04MWFmLTQ5ZDlkYzAzYzc3NyIsImV4cCI6MTc3MTQ0MDU2NSwianRpIjoiMzBhOTY2YWYtMjI4Ni00MmMwLWIyZTEtMTg5NDI0YjJlMzkwIn0.y0oGqUBKErTe3AE3-YjsdutZ3H2Xk-GqZXVSNIZhADM'
}
Body: {}

GET /products
Headers: {
  host: 'localhost:4000',
  connection: 'keep-alive',
  pragma: 'no-cache',
  'cache-control': 'no-cache',
  'sec-ch-ua-platform': '"macOS"',
  'user-agent': 'Mozilla/5.0 (Macintosh; Intel Mac OS X 10_15_7) AppleWebKit/537.36 (KHTML, like Gecko) Chrome/143.0.0.0 Safari/537.36',
  'sec-ch-ua': '"Google Chrome";v="143", "Chromium";v="143", "Not A(Brand";v="24"',
  'sec-ch-ua-mobile': '?0',
  accept: '*/*',
  'sec-fetch-site': 'same-origin',
  'sec-fetch-mode': 'cors',
  'sec-fetch-dest': 'empty',
  referer: 'http://localhost:4000/',
  'accept-encoding': 'gzip, deflate, br, zstd',
  'accept-language': 'en-US,en;q=0.9,es;q=0.8',
  cookie: 'token=eyJhbGciOiJIUzI1NiIsInR5cCI6IkpXVCJ9.eyJpZCI6IjQ5ZTkxMzMxLTBiZTktNDRhMy04MWFmLTQ5ZDlkYzAzYzc3NyIsImV4cCI6MTc3MTQ0MDU2NSwianRpIjoiMzBhOTY2YWYtMjI4Ni00MmMwLWIyZTEtMTg5NDI0YjJlMzkwIn0.y0oGqUBKErTe3AE3-YjsdutZ3H2Xk-GqZXVSNIZhADM'
}
Body: {}

GET /favicon.ico
Headers: {
  host: 'localhost:4000',
  connection: 'keep-alive',
  pragma: 'no-cache',
  'cache-control': 'no-cache',
  'sec-ch-ua-platform': '"macOS"',
  'user-agent': 'Mozilla/5.0 (Macintosh; Intel Mac OS X 10_15_7) AppleWebKit/537.36 (KHTML, like Gecko) Chrome/143.0.0.0 Safari/537.36',
  'sec-ch-ua': '"Google Chrome";v="143", "Chromium";v="143", "Not A(Brand";v="24"',
  'sec-ch-ua-mobile': '?0',
  accept: 'image/avif,image/webp,image/apng,image/svg+xml,image/*,*/*;q=0.8',
  'sec-fetch-site': 'same-origin',
  'sec-fetch-mode': 'no-cors',
  'sec-fetch-dest': 'image',
  referer: 'http://localhost:4000/',
  'accept-encoding': 'gzip, deflate, br, zstd',
  'accept-language': 'en-US,en;q=0.9,es;q=0.8',
  cookie: 'token=eyJhbGciOiJIUzI1NiIsInR5cCI6IkpXVCJ9.eyJpZCI6IjQ5ZTkxMzMxLTBiZTktNDRhMy04MWFmLTQ5ZDlkYzAzYzc3NyIsImV4cCI6MTc3MTQ0MDU2NSwianRpIjoiMzBhOTY2YWYtMjI4Ni00MmMwLWIyZTEtMTg5NDI0YjJlMzkwIn0.y0oGqUBKErTe3AE3-YjsdutZ3H2Xk-GqZXVSNIZhADM'
}
Body: {}

GET /
Headers: {
  host: 'localhost:4000',
  connection: 'keep-alive',
  pragma: 'no-cache',
  'cache-control': 'no-cache',
  'sec-ch-ua': '"Google Chrome";v="143", "Chromium";v="143", "Not A(Brand";v="24"',
  'sec-ch-ua-mobile': '?0',
  'sec-ch-ua-platform': '"macOS"',
  'upgrade-insecure-requests': '1',
  'user-agent': 'Mozilla/5.0 (Macintosh; Intel Mac OS X 10_15_7) AppleWebKit/537.36 (KHTML, like Gecko) Chrome/143.0.0.0 Safari/537.36',
  accept: 'text/html,application/xhtml+xml,application/xml;q=0.9,image/avif,image/webp,image/apng,*/*;q=0.8,application/signed-exchange;v=b3;q=0.7',
  'sec-fetch-site': 'none',
  'sec-fetch-mode': 'navigate',
  'sec-fetch-user': '?1',
  'sec-fetch-dest': 'document',
  'accept-encoding': 'gzip, deflate, br, zstd',
  'accept-language': 'en-US,en;q=0.9,es;q=0.8',
  cookie: 'token=eyJhbGciOiJIUzI1NiIsInR5cCI6IkpXVCJ9.eyJpZCI6IjQ5ZTkxMzMxLTBiZTktNDRhMy04MWFmLTQ5ZDlkYzAzYzc3NyIsImV4cCI6MTc3MTQ0MDU2NSwianRpIjoiMzBhOTY2YWYtMjI4Ni00MmMwLWIyZTEtMTg5NDI0YjJlMzkwIn0.y0oGqUBKErTe3AE3-YjsdutZ3H2Xk-GqZXVSNIZhADM'
}
Body: {}

GET /styles.css
Headers: {
  host: 'localhost:4000',
  connection: 'keep-alive',
  pragma: 'no-cache',
  'cache-control': 'no-cache',
  'sec-ch-ua-platform': '"macOS"',
  'user-agent': 'Mozilla/5.0 (Macintosh; Intel Mac OS X 10_15_7) AppleWebKit/537.36 (KHTML, like Gecko) Chrome/143.0.0.0 Safari/537.36',
  'sec-ch-ua': '"Google Chrome";v="143", "Chromium";v="143", "Not A(Brand";v="24"',
  'sec-ch-ua-mobile': '?0',
  accept: 'text/css,*/*;q=0.1',
  'sec-fetch-site': 'same-origin',
  'sec-fetch-mode': 'no-cors',
  'sec-fetch-dest': 'style',
  referer: 'http://localhost:4000/',
  'accept-encoding': 'gzip, deflate, br, zstd',
  'accept-language': 'en-US,en;q=0.9,es;q=0.8',
  cookie: 'token=eyJhbGciOiJIUzI1NiIsInR5cCI6IkpXVCJ9.eyJpZCI6IjQ5ZTkxMzMxLTBiZTktNDRhMy04MWFmLTQ5ZDlkYzAzYzc3NyIsImV4cCI6MTc3MTQ0MDU2NSwianRpIjoiMzBhOTY2YWYtMjI4Ni00MmMwLWIyZTEtMTg5NDI0YjJlMzkwIn0.y0oGqUBKErTe3AE3-YjsdutZ3H2Xk-GqZXVSNIZhADM'
}
Body: {}

GET /app.js
Headers: {
  host: 'localhost:4000',
  connection: 'keep-alive',
  pragma: 'no-cache',
  'cache-control': 'no-cache',
  'sec-ch-ua-platform': '"macOS"',
  'user-agent': 'Mozilla/5.0 (Macintosh; Intel Mac OS X 10_15_7) AppleWebKit/537.36 (KHTML, like Gecko) Chrome/143.0.0.0 Safari/537.36',
  'sec-ch-ua': '"Google Chrome";v="143", "Chromium";v="143", "Not A(Brand";v="24"',
  'sec-ch-ua-mobile': '?0',
  accept: '*/*',
  'sec-fetch-site': 'same-origin',
  'sec-fetch-mode': 'no-cors',
  'sec-fetch-dest': 'script',
  referer: 'http://localhost:4000/',
  'accept-encoding': 'gzip, deflate, br, zstd',
  'accept-language': 'en-US,en;q=0.9,es;q=0.8',
  cookie: 'token=eyJhbGciOiJIUzI1NiIsInR5cCI6IkpXVCJ9.eyJpZCI6IjQ5ZTkxMzMxLTBiZTktNDRhMy04MWFmLTQ5ZDlkYzAzYzc3NyIsImV4cCI6MTc3MTQ0MDU2NSwianRpIjoiMzBhOTY2YWYtMjI4Ni00MmMwLWIyZTEtMTg5NDI0YjJlMzkwIn0.y0oGqUBKErTe3AE3-YjsdutZ3H2Xk-GqZXVSNIZhADM'
}
Body: {}

GET /users
Headers: {
  host: 'localhost:4000',
  connection: 'keep-alive',
  pragma: 'no-cache',
  'cache-control': 'no-cache',
  'sec-ch-ua-platform': '"macOS"',
  'user-agent': 'Mozilla/5.0 (Macintosh; Intel Mac OS X 10_15_7) AppleWebKit/537.36 (KHTML, like Gecko) Chrome/143.0.0.0 Safari/537.36',
  'sec-ch-ua': '"Google Chrome";v="143", "Chromium";v="143", "Not A(Brand";v="24"',
  'sec-ch-ua-mobile': '?0',
  accept: '*/*',
  'sec-fetch-site': 'same-origin',
  'sec-fetch-mode': 'cors',
  'sec-fetch-dest': 'empty',
  referer: 'http://localhost:4000/',
  'accept-encoding': 'gzip, deflate, br, zstd',
  'accept-language': 'en-US,en;q=0.9,es;q=0.8',
  cookie: 'token=eyJhbGciOiJIUzI1NiIsInR5cCI6IkpXVCJ9.eyJpZCI6IjQ5ZTkxMzMxLTBiZTktNDRhMy04MWFmLTQ5ZDlkYzAzYzc3NyIsImV4cCI6MTc3MTQ0MDU2NSwianRpIjoiMzBhOTY2YWYtMjI4Ni00MmMwLWIyZTEtMTg5NDI0YjJlMzkwIn0.y0oGqUBKErTe3AE3-YjsdutZ3H2Xk-GqZXVSNIZhADM'
}
Body: {}

GET /products
Headers: {
  host: 'localhost:4000',
  connection: 'keep-alive',
  pragma: 'no-cache',
  'cache-control': 'no-cache',
  'sec-ch-ua-platform': '"macOS"',
  'user-agent': 'Mozilla/5.0 (Macintosh; Intel Mac OS X 10_15_7) AppleWebKit/537.36 (KHTML, like Gecko) Chrome/143.0.0.0 Safari/537.36',
  'sec-ch-ua': '"Google Chrome";v="143", "Chromium";v="143", "Not A(Brand";v="24"',
  'sec-ch-ua-mobile': '?0',
  accept: '*/*',
  'sec-fetch-site': 'same-origin',
  'sec-fetch-mode': 'cors',
  'sec-fetch-dest': 'empty',
  referer: 'http://localhost:4000/',
  'accept-encoding': 'gzip, deflate, br, zstd',
  'accept-language': 'en-US,en;q=0.9,es;q=0.8',
  cookie: 'token=eyJhbGciOiJIUzI1NiIsInR5cCI6IkpXVCJ9.eyJpZCI6IjQ5ZTkxMzMxLTBiZTktNDRhMy04MWFmLTQ5ZDlkYzAzYzc3NyIsImV4cCI6MTc3MTQ0MDU2NSwianRpIjoiMzBhOTY2YWYtMjI4Ni00MmMwLWIyZTEtMTg5NDI0YjJlMzkwIn0.y0oGqUBKErTe3AE3-YjsdutZ3H2Xk-GqZXVSNIZhADM'
}
Body: {}

GET /orders
Headers: {
  host: 'localhost:4000',
  connection: 'keep-alive',
  pragma: 'no-cache',
  'cache-control': 'no-cache',
  'sec-ch-ua-platform': '"macOS"',
  'user-agent': 'Mozilla/5.0 (Macintosh; Intel Mac OS X 10_15_7) AppleWebKit/537.36 (KHTML, like Gecko) Chrome/143.0.0.0 Safari/537.36',
  'sec-ch-ua': '"Google Chrome";v="143", "Chromium";v="143", "Not A(Brand";v="24"',
  'sec-ch-ua-mobile': '?0',
  accept: '*/*',
  'sec-fetch-site': 'same-origin',
  'sec-fetch-mode': 'cors',
  'sec-fetch-dest': 'empty',
  referer: 'http://localhost:4000/',
  'accept-encoding': 'gzip, deflate, br, zstd',
  'accept-language': 'en-US,en;q=0.9,es;q=0.8',
  cookie: 'token=eyJhbGciOiJIUzI1NiIsInR5cCI6IkpXVCJ9.eyJpZCI6IjQ5ZTkxMzMxLTBiZTktNDRhMy04MWFmLTQ5ZDlkYzAzYzc3NyIsImV4cCI6MTc3MTQ0MDU2NSwianRpIjoiMzBhOTY2YWYtMjI4Ni00MmMwLWIyZTEtMTg5NDI0YjJlMzkwIn0.y0oGqUBKErTe3AE3-YjsdutZ3H2Xk-GqZXVSNIZhADM'
}
Body: {}

GET /favicon.ico
Headers: {
  host: 'localhost:4000',
  connection: 'keep-alive',
  pragma: 'no-cache',
  'cache-control': 'no-cache',
  'sec-ch-ua-platform': '"macOS"',
  'user-agent': 'Mozilla/5.0 (Macintosh; Intel Mac OS X 10_15_7) AppleWebKit/537.36 (KHTML, like Gecko) Chrome/143.0.0.0 Safari/537.36',
  'sec-ch-ua': '"Google Chrome";v="143", "Chromium";v="143", "Not A(Brand";v="24"',
  'sec-ch-ua-mobile': '?0',
  accept: 'image/avif,image/webp,image/apng,image/svg+xml,image/*,*/*;q=0.8',
  'sec-fetch-site': 'same-origin',
  'sec-fetch-mode': 'no-cors',
  'sec-fetch-dest': 'image',
  referer: 'http://localhost:4000/',
  'accept-encoding': 'gzip, deflate, br, zstd',
  'accept-language': 'en-US,en;q=0.9,es;q=0.8',
  cookie: 'token=eyJhbGciOiJIUzI1NiIsInR5cCI6IkpXVCJ9.eyJpZCI6IjQ5ZTkxMzMxLTBiZTktNDRhMy04MWFmLTQ5ZDlkYzAzYzc3NyIsImV4cCI6MTc3MTQ0MDU2NSwianRpIjoiMzBhOTY2YWYtMjI4Ni00MmMwLWIyZTEtMTg5NDI0YjJlMzkwIn0.y0oGqUBKErTe3AE3-YjsdutZ3H2Xk-GqZXVSNIZhADM'
}
Body: {}

POST /users
Headers: {
  host: 'localhost:4000',
  connection: 'keep-alive',
  'content-length': '68',
  'sec-ch-ua-platform': '"macOS"',
  'user-agent': 'Mozilla/5.0 (Macintosh; Intel Mac OS X 10_15_7) AppleWebKit/537.36 (KHTML, like Gecko) Chrome/143.0.0.0 Safari/537.36',
  'sec-ch-ua': '"Google Chrome";v="143", "Chromium";v="143", "Not A(Brand";v="24"',
  'content-type': 'application/json',
  'sec-ch-ua-mobile': '?0',
  accept: '*/*',
  origin: 'http://localhost:4000',
  'sec-fetch-site': 'same-origin',
  'sec-fetch-mode': 'cors',
  'sec-fetch-dest': 'empty',
  referer: 'http://localhost:4000/',
  'accept-encoding': 'gzip, deflate, br, zstd',
  'accept-language': 'en-US,en;q=0.9,es;q=0.8',
  cookie: 'token=eyJhbGciOiJIUzI1NiIsInR5cCI6IkpXVCJ9.eyJpZCI6IjQ5ZTkxMzMxLTBiZTktNDRhMy04MWFmLTQ5ZDlkYzAzYzc3NyIsImV4cCI6MTc3MTQ0MDU2NSwianRpIjoiMzBhOTY2YWYtMjI4Ni00MmMwLWIyZTEtMTg5NDI0YjJlMzkwIn0.y0oGqUBKErTe3AE3-YjsdutZ3H2Xk-GqZXVSNIZhADM'
}
Body: { name: 'John Doe', email: 'john@example.com', age: 28 }

=== POST /users ===
Request body: { name: 'John Doe', email: 'john@example.com', age: 28 }
✓ User created: { id: 5, name: 'John Doe', email: 'john@example.com', age: 28 }

GET /users
Headers: {
  host: 'localhost:4000',
  connection: 'keep-alive',
  'sec-ch-ua-platform': '"macOS"',
  'user-agent': 'Mozilla/5.0 (Macintosh; Intel Mac OS X 10_15_7) AppleWebKit/537.36 (KHTML, like Gecko) Chrome/143.0.0.0 Safari/537.36',
  'sec-ch-ua': '"Google Chrome";v="143", "Chromium";v="143", "Not A(Brand";v="24"',
  'sec-ch-ua-mobile': '?0',
  accept: '*/*',
  'sec-fetch-site': 'same-origin',
  'sec-fetch-mode': 'cors',
  'sec-fetch-dest': 'empty',
  referer: 'http://localhost:4000/',
  'accept-encoding': 'gzip, deflate, br, zstd',
  'accept-language': 'en-US,en;q=0.9,es;q=0.8',
  cookie: 'token=eyJhbGciOiJIUzI1NiIsInR5cCI6IkpXVCJ9.eyJpZCI6IjQ5ZTkxMzMxLTBiZTktNDRhMy04MWFmLTQ5ZDlkYzAzYzc3NyIsImV4cCI6MTc3MTQ0MDU2NSwianRpIjoiMzBhOTY2YWYtMjI4Ni00MmMwLWIyZTEtMTg5NDI0YjJlMzkwIn0.y0oGqUBKErTe3AE3-YjsdutZ3H2Xk-GqZXVSNIZhADM'
}
Body: {}

GET /products
Headers: {
  host: 'localhost:4000',
  connection: 'keep-alive',
  'sec-ch-ua-platform': '"macOS"',
  'user-agent': 'Mozilla/5.0 (Macintosh; Intel Mac OS X 10_15_7) AppleWebKit/537.36 (KHTML, like Gecko) Chrome/143.0.0.0 Safari/537.36',
  'sec-ch-ua': '"Google Chrome";v="143", "Chromium";v="143", "Not A(Brand";v="24"',
  'sec-ch-ua-mobile': '?0',
  accept: '*/*',
  'sec-fetch-site': 'same-origin',
  'sec-fetch-mode': 'cors',
  'sec-fetch-dest': 'empty',
  referer: 'http://localhost:4000/',
  'accept-encoding': 'gzip, deflate, br, zstd',
  'accept-language': 'en-US,en;q=0.9,es;q=0.8',
  cookie: 'token=eyJhbGciOiJIUzI1NiIsInR5cCI6IkpXVCJ9.eyJpZCI6IjQ5ZTkxMzMxLTBiZTktNDRhMy04MWFmLTQ5ZDlkYzAzYzc3NyIsImV4cCI6MTc3MTQ0MDU2NSwianRpIjoiMzBhOTY2YWYtMjI4Ni00MmMwLWIyZTEtMTg5NDI0YjJlMzkwIn0.y0oGqUBKErTe3AE3-YjsdutZ3H2Xk-GqZXVSNIZhADM',
  'if-none-match': 'W/"ca-ZJDwGGb0UKOgvrO1tuU57R7g++k"'
}
Body: {}

GET /orders
Headers: {
  host: 'localhost:4000',
  connection: 'keep-alive',
  'sec-ch-ua-platform': '"macOS"',
  'user-agent': 'Mozilla/5.0 (Macintosh; Intel Mac OS X 10_15_7) AppleWebKit/537.36 (KHTML, like Gecko) Chrome/143.0.0.0 Safari/537.36',
  'sec-ch-ua': '"Google Chrome";v="143", "Chromium";v="143", "Not A(Brand";v="24"',
  'sec-ch-ua-mobile': '?0',
  accept: '*/*',
  'sec-fetch-site': 'same-origin',
  'sec-fetch-mode': 'cors',
  'sec-fetch-dest': 'empty',
  referer: 'http://localhost:4000/',
  'accept-encoding': 'gzip, deflate, br, zstd',
  'accept-language': 'en-US,en;q=0.9,es;q=0.8',
  cookie: 'token=eyJhbGciOiJIUzI1NiIsInR5cCI6IkpXVCJ9.eyJpZCI6IjQ5ZTkxMzMxLTBiZTktNDRhMy04MWFmLTQ5ZDlkYzAzYzc3NyIsImV4cCI6MTc3MTQ0MDU2NSwianRpIjoiMzBhOTY2YWYtMjI4Ni00MmMwLWIyZTEtMTg5NDI0YjJlMzkwIn0.y0oGqUBKErTe3AE3-YjsdutZ3H2Xk-GqZXVSNIZhADM',
  'if-none-match': 'W/"c9-OGWsEjj5oigtdUp6rwa2GsBmoF8"'
}
Body: {}

POST /users
Headers: {
  host: 'localhost:4000',
  connection: 'keep-alive',
  'content-length': '68',
  'sec-ch-ua-platform': '"macOS"',
  'user-agent': 'Mozilla/5.0 (Macintosh; Intel Mac OS X 10_15_7) AppleWebKit/537.36 (KHTML, like Gecko) Chrome/143.0.0.0 Safari/537.36',
  'sec-ch-ua': '"Google Chrome";v="143", "Chromium";v="143", "Not A(Brand";v="24"',
  'content-type': 'application/json',
  'sec-ch-ua-mobile': '?0',
  accept: '*/*',
  origin: 'http://localhost:4000',
  'sec-fetch-site': 'same-origin',
  'sec-fetch-mode': 'cors',
  'sec-fetch-dest': 'empty',
  referer: 'http://localhost:4000/',
  'accept-encoding': 'gzip, deflate, br, zstd',
  'accept-language': 'en-US,en;q=0.9,es;q=0.8',
  cookie: 'token=eyJhbGciOiJIUzI1NiIsInR5cCI6IkpXVCJ9.eyJpZCI6IjQ5ZTkxMzMxLTBiZTktNDRhMy04MWFmLTQ5ZDlkYzAzYzc3NyIsImV4cCI6MTc3MTQ0MDU2NSwianRpIjoiMzBhOTY2YWYtMjI4Ni00MmMwLWIyZTEtMTg5NDI0YjJlMzkwIn0.y0oGqUBKErTe3AE3-YjsdutZ3H2Xk-GqZXVSNIZhADM'
}
Body: { name: 'John Doe', email: 'john@example.com', age: 28 }

=== POST /users ===
Request body: { name: 'John Doe', email: 'john@example.com', age: 28 }
✓ User created: { id: 6, name: 'John Doe', email: 'john@example.com', age: 28 }

GET /users
Headers: {
  host: 'localhost:4000',
  connection: 'keep-alive',
  'sec-ch-ua-platform': '"macOS"',
  'user-agent': 'Mozilla/5.0 (Macintosh; Intel Mac OS X 10_15_7) AppleWebKit/537.36 (KHTML, like Gecko) Chrome/143.0.0.0 Safari/537.36',
  'sec-ch-ua': '"Google Chrome";v="143", "Chromium";v="143", "Not A(Brand";v="24"',
  'sec-ch-ua-mobile': '?0',
  accept: '*/*',
  'sec-fetch-site': 'same-origin',
  'sec-fetch-mode': 'cors',
  'sec-fetch-dest': 'empty',
  referer: 'http://localhost:4000/',
  'accept-encoding': 'gzip, deflate, br, zstd',
  'accept-language': 'en-US,en;q=0.9,es;q=0.8',
  cookie: 'token=eyJhbGciOiJIUzI1NiIsInR5cCI6IkpXVCJ9.eyJpZCI6IjQ5ZTkxMzMxLTBiZTktNDRhMy04MWFmLTQ5ZDlkYzAzYzc3NyIsImV4cCI6MTc3MTQ0MDU2NSwianRpIjoiMzBhOTY2YWYtMjI4Ni00MmMwLWIyZTEtMTg5NDI0YjJlMzkwIn0.y0oGqUBKErTe3AE3-YjsdutZ3H2Xk-GqZXVSNIZhADM'
}
Body: {}

GET /orders
Headers: {
  host: 'localhost:4000',
  connection: 'keep-alive',
  'sec-ch-ua-platform': '"macOS"',
  'user-agent': 'Mozilla/5.0 (Macintosh; Intel Mac OS X 10_15_7) AppleWebKit/537.36 (KHTML, like Gecko) Chrome/143.0.0.0 Safari/537.36',
  'sec-ch-ua': '"Google Chrome";v="143", "Chromium";v="143", "Not A(Brand";v="24"',
  'sec-ch-ua-mobile': '?0',
  accept: '*/*',
  'sec-fetch-site': 'same-origin',
  'sec-fetch-mode': 'cors',
  'sec-fetch-dest': 'empty',
  referer: 'http://localhost:4000/',
  'accept-encoding': 'gzip, deflate, br, zstd',
  'accept-language': 'en-US,en;q=0.9,es;q=0.8',
  cookie: 'token=eyJhbGciOiJIUzI1NiIsInR5cCI6IkpXVCJ9.eyJpZCI6IjQ5ZTkxMzMxLTBiZTktNDRhMy04MWFmLTQ5ZDlkYzAzYzc3NyIsImV4cCI6MTc3MTQ0MDU2NSwianRpIjoiMzBhOTY2YWYtMjI4Ni00MmMwLWIyZTEtMTg5NDI0YjJlMzkwIn0.y0oGqUBKErTe3AE3-YjsdutZ3H2Xk-GqZXVSNIZhADM',
  'if-none-match': 'W/"c9-OGWsEjj5oigtdUp6rwa2GsBmoF8"'
}
Body: {}

GET /products
Headers: {
  host: 'localhost:4000',
  connection: 'keep-alive',
  'sec-ch-ua-platform': '"macOS"',
  'user-agent': 'Mozilla/5.0 (Macintosh; Intel Mac OS X 10_15_7) AppleWebKit/537.36 (KHTML, like Gecko) Chrome/143.0.0.0 Safari/537.36',
  'sec-ch-ua': '"Google Chrome";v="143", "Chromium";v="143", "Not A(Brand";v="24"',
  'sec-ch-ua-mobile': '?0',
  accept: '*/*',
  'sec-fetch-site': 'same-origin',
  'sec-fetch-mode': 'cors',
  'sec-fetch-dest': 'empty',
  referer: 'http://localhost:4000/',
  'accept-encoding': 'gzip, deflate, br, zstd',
  'accept-language': 'en-US,en;q=0.9,es;q=0.8',
  cookie: 'token=eyJhbGciOiJIUzI1NiIsInR5cCI6IkpXVCJ9.eyJpZCI6IjQ5ZTkxMzMxLTBiZTktNDRhMy04MWFmLTQ5ZDlkYzAzYzc3NyIsImV4cCI6MTc3MTQ0MDU2NSwianRpIjoiMzBhOTY2YWYtMjI4Ni00MmMwLWIyZTEtMTg5NDI0YjJlMzkwIn0.y0oGqUBKErTe3AE3-YjsdutZ3H2Xk-GqZXVSNIZhADM',
  'if-none-match': 'W/"ca-ZJDwGGb0UKOgvrO1tuU57R7g++k"'
}
Body: {}

DELETE /users/6
Headers: {
  host: 'localhost:4000',
  connection: 'keep-alive',
  'sec-ch-ua-platform': '"macOS"',
  'user-agent': 'Mozilla/5.0 (Macintosh; Intel Mac OS X 10_15_7) AppleWebKit/537.36 (KHTML, like Gecko) Chrome/143.0.0.0 Safari/537.36',
  'sec-ch-ua': '"Google Chrome";v="143", "Chromium";v="143", "Not A(Brand";v="24"',
  'content-type': 'application/json',
  'sec-ch-ua-mobile': '?0',
  accept: '*/*',
  origin: 'http://localhost:4000',
  'sec-fetch-site': 'same-origin',
  'sec-fetch-mode': 'cors',
  'sec-fetch-dest': 'empty',
  referer: 'http://localhost:4000/',
  'accept-encoding': 'gzip, deflate, br, zstd',
  'accept-language': 'en-US,en;q=0.9,es;q=0.8',
  cookie: 'token=eyJhbGciOiJIUzI1NiIsInR5cCI6IkpXVCJ9.eyJpZCI6IjQ5ZTkxMzMxLTBiZTktNDRhMy04MWFmLTQ5ZDlkYzAzYzc3NyIsImV4cCI6MTc3MTQ0MDU2NSwianRpIjoiMzBhOTY2YWYtMjI4Ni00MmMwLWIyZTEtMTg5NDI0YjJlMzkwIn0.y0oGqUBKErTe3AE3-YjsdutZ3H2Xk-GqZXVSNIZhADM'
}
Body: {}

=== DELETE /users/:id ===
User ID: 6
✓ User deleted

GET /products
Headers: {
  host: 'localhost:4000',
  connection: 'keep-alive',
  'sec-ch-ua-platform': '"macOS"',
  'user-agent': 'Mozilla/5.0 (Macintosh; Intel Mac OS X 10_15_7) AppleWebKit/537.36 (KHTML, like Gecko) Chrome/143.0.0.0 Safari/537.36',
  'sec-ch-ua': '"Google Chrome";v="143", "Chromium";v="143", "Not A(Brand";v="24"',
  'sec-ch-ua-mobile': '?0',
  accept: '*/*',
  'sec-fetch-site': 'same-origin',
  'sec-fetch-mode': 'cors',
  'sec-fetch-dest': 'empty',
  referer: 'http://localhost:4000/',
  'accept-encoding': 'gzip, deflate, br, zstd',
  'accept-language': 'en-US,en;q=0.9,es;q=0.8',
  cookie: 'token=eyJhbGciOiJIUzI1NiIsInR5cCI6IkpXVCJ9.eyJpZCI6IjQ5ZTkxMzMxLTBiZTktNDRhMy04MWFmLTQ5ZDlkYzAzYzc3NyIsImV4cCI6MTc3MTQ0MDU2NSwianRpIjoiMzBhOTY2YWYtMjI4Ni00MmMwLWIyZTEtMTg5NDI0YjJlMzkwIn0.y0oGqUBKErTe3AE3-YjsdutZ3H2Xk-GqZXVSNIZhADM',
  'if-none-match': 'W/"ca-ZJDwGGb0UKOgvrO1tuU57R7g++k"'
}
Body: {}

GET /orders
Headers: {
  host: 'localhost:4000',
  connection: 'keep-alive',
  'sec-ch-ua-platform': '"macOS"',
  'user-agent': 'Mozilla/5.0 (Macintosh; Intel Mac OS X 10_15_7) AppleWebKit/537.36 (KHTML, like Gecko) Chrome/143.0.0.0 Safari/537.36',
  'sec-ch-ua': '"Google Chrome";v="143", "Chromium";v="143", "Not A(Brand";v="24"',
  'sec-ch-ua-mobile': '?0',
  accept: '*/*',
  'sec-fetch-site': 'same-origin',
  'sec-fetch-mode': 'cors',
  'sec-fetch-dest': 'empty',
  referer: 'http://localhost:4000/',
  'accept-encoding': 'gzip, deflate, br, zstd',
  'accept-language': 'en-US,en;q=0.9,es;q=0.8',
  cookie: 'token=eyJhbGciOiJIUzI1NiIsInR5cCI6IkpXVCJ9.eyJpZCI6IjQ5ZTkxMzMxLTBiZTktNDRhMy04MWFmLTQ5ZDlkYzAzYzc3NyIsImV4cCI6MTc3MTQ0MDU2NSwianRpIjoiMzBhOTY2YWYtMjI4Ni00MmMwLWIyZTEtMTg5NDI0YjJlMzkwIn0.y0oGqUBKErTe3AE3-YjsdutZ3H2Xk-GqZXVSNIZhADM',
  'if-none-match': 'W/"c9-OGWsEjj5oigtdUp6rwa2GsBmoF8"'
}
Body: {}

GET /users
Headers: {
  host: 'localhost:4000',
  connection: 'keep-alive',
  'sec-ch-ua-platform': '"macOS"',
  'user-agent': 'Mozilla/5.0 (Macintosh; Intel Mac OS X 10_15_7) AppleWebKit/537.36 (KHTML, like Gecko) Chrome/143.0.0.0 Safari/537.36',
  'sec-ch-ua': '"Google Chrome";v="143", "Chromium";v="143", "Not A(Brand";v="24"',
  'sec-ch-ua-mobile': '?0',
  accept: '*/*',
  'sec-fetch-site': 'same-origin',
  'sec-fetch-mode': 'cors',
  'sec-fetch-dest': 'empty',
  referer: 'http://localhost:4000/',
  'accept-encoding': 'gzip, deflate, br, zstd',
  'accept-language': 'en-US,en;q=0.9,es;q=0.8',
  cookie: 'token=eyJhbGciOiJIUzI1NiIsInR5cCI6IkpXVCJ9.eyJpZCI6IjQ5ZTkxMzMxLTBiZTktNDRhMy04MWFmLTQ5ZDlkYzAzYzc3NyIsImV4cCI6MTc3MTQ0MDU2NSwianRpIjoiMzBhOTY2YWYtMjI4Ni00MmMwLWIyZTEtMTg5NDI0YjJlMzkwIn0.y0oGqUBKErTe3AE3-YjsdutZ3H2Xk-GqZXVSNIZhADM',
  'if-none-match': 'W/"189-NsXts+aBmPynQMK+lIgUIbmWKVA"'
}
Body: {}

DELETE /users/5
Headers: {
  host: 'localhost:4000',
  connection: 'keep-alive',
  'sec-ch-ua-platform': '"macOS"',
  'user-agent': 'Mozilla/5.0 (Macintosh; Intel Mac OS X 10_15_7) AppleWebKit/537.36 (KHTML, like Gecko) Chrome/143.0.0.0 Safari/537.36',
  'sec-ch-ua': '"Google Chrome";v="143", "Chromium";v="143", "Not A(Brand";v="24"',
  'content-type': 'application/json',
  'sec-ch-ua-mobile': '?0',
  accept: '*/*',
  origin: 'http://localhost:4000',
  'sec-fetch-site': 'same-origin',
  'sec-fetch-mode': 'cors',
  'sec-fetch-dest': 'empty',
  referer: 'http://localhost:4000/',
  'accept-encoding': 'gzip, deflate, br, zstd',
  'accept-language': 'en-US,en;q=0.9,es;q=0.8',
  cookie: 'token=eyJhbGciOiJIUzI1NiIsInR5cCI6IkpXVCJ9.eyJpZCI6IjQ5ZTkxMzMxLTBiZTktNDRhMy04MWFmLTQ5ZDlkYzAzYzc3NyIsImV4cCI6MTc3MTQ0MDU2NSwianRpIjoiMzBhOTY2YWYtMjI4Ni00MmMwLWIyZTEtMTg5NDI0YjJlMzkwIn0.y0oGqUBKErTe3AE3-YjsdutZ3H2Xk-GqZXVSNIZhADM'
}
Body: {}

=== DELETE /users/:id ===
User ID: 5
✓ User deleted

GET /users
Headers: {
  host: 'localhost:4000',
  connection: 'keep-alive',
  'sec-ch-ua-platform': '"macOS"',
  'user-agent': 'Mozilla/5.0 (Macintosh; Intel Mac OS X 10_15_7) AppleWebKit/537.36 (KHTML, like Gecko) Chrome/143.0.0.0 Safari/537.36',
  'sec-ch-ua': '"Google Chrome";v="143", "Chromium";v="143", "Not A(Brand";v="24"',
  'sec-ch-ua-mobile': '?0',
  accept: '*/*',
  'sec-fetch-site': 'same-origin',
  'sec-fetch-mode': 'cors',
  'sec-fetch-dest': 'empty',
  referer: 'http://localhost:4000/',
  'accept-encoding': 'gzip, deflate, br, zstd',
  'accept-language': 'en-US,en;q=0.9,es;q=0.8',
  cookie: 'token=eyJhbGciOiJIUzI1NiIsInR5cCI6IkpXVCJ9.eyJpZCI6IjQ5ZTkxMzMxLTBiZTktNDRhMy04MWFmLTQ5ZDlkYzAzYzc3NyIsImV4cCI6MTc3MTQ0MDU2NSwianRpIjoiMzBhOTY2YWYtMjI4Ni00MmMwLWIyZTEtMTg5NDI0YjJlMzkwIn0.y0oGqUBKErTe3AE3-YjsdutZ3H2Xk-GqZXVSNIZhADM',
  'if-none-match': 'W/"14a-10fHY/xSKHAKlWBKlJJBSSOB3mY"'
}
Body: {}

GET /products
Headers: {
  host: 'localhost:4000',
  connection: 'keep-alive',
  'sec-ch-ua-platform': '"macOS"',
  'user-agent': 'Mozilla/5.0 (Macintosh; Intel Mac OS X 10_15_7) AppleWebKit/537.36 (KHTML, like Gecko) Chrome/143.0.0.0 Safari/537.36',
  'sec-ch-ua': '"Google Chrome";v="143", "Chromium";v="143", "Not A(Brand";v="24"',
  'sec-ch-ua-mobile': '?0',
  accept: '*/*',
  'sec-fetch-site': 'same-origin',
  'sec-fetch-mode': 'cors',
  'sec-fetch-dest': 'empty',
  referer: 'http://localhost:4000/',
  'accept-encoding': 'gzip, deflate, br, zstd',
  'accept-language': 'en-US,en;q=0.9,es;q=0.8',
  cookie: 'token=eyJhbGciOiJIUzI1NiIsInR5cCI6IkpXVCJ9.eyJpZCI6IjQ5ZTkxMzMxLTBiZTktNDRhMy04MWFmLTQ5ZDlkYzAzYzc3NyIsImV4cCI6MTc3MTQ0MDU2NSwianRpIjoiMzBhOTY2YWYtMjI4Ni00MmMwLWIyZTEtMTg5NDI0YjJlMzkwIn0.y0oGqUBKErTe3AE3-YjsdutZ3H2Xk-GqZXVSNIZhADM',
  'if-none-match': 'W/"ca-ZJDwGGb0UKOgvrO1tuU57R7g++k"'
}
Body: {}

GET /orders
Headers: {
  host: 'localhost:4000',
  connection: 'keep-alive',
  'sec-ch-ua-platform': '"macOS"',
  'user-agent': 'Mozilla/5.0 (Macintosh; Intel Mac OS X 10_15_7) AppleWebKit/537.36 (KHTML, like Gecko) Chrome/143.0.0.0 Safari/537.36',
  'sec-ch-ua': '"Google Chrome";v="143", "Chromium";v="143", "Not A(Brand";v="24"',
  'sec-ch-ua-mobile': '?0',
  accept: '*/*',
  'sec-fetch-site': 'same-origin',
  'sec-fetch-mode': 'cors',
  'sec-fetch-dest': 'empty',
  referer: 'http://localhost:4000/',
  'accept-encoding': 'gzip, deflate, br, zstd',
  'accept-language': 'en-US,en;q=0.9,es;q=0.8',
  cookie: 'token=eyJhbGciOiJIUzI1NiIsInR5cCI6IkpXVCJ9.eyJpZCI6IjQ5ZTkxMzMxLTBiZTktNDRhMy04MWFmLTQ5ZDlkYzAzYzc3NyIsImV4cCI6MTc3MTQ0MDU2NSwianRpIjoiMzBhOTY2YWYtMjI4Ni00MmMwLWIyZTEtMTg5NDI0YjJlMzkwIn0.y0oGqUBKErTe3AE3-YjsdutZ3H2Xk-GqZXVSNIZhADM',
  'if-none-match': 'W/"c9-OGWsEjj5oigtdUp6rwa2GsBmoF8"'
}
Body: {}
